test router


url:/admin/about

url:/admin

url:/_next/1512475998813/page/index.js

url:/_next/1512475998813/page/_error.js

url:/_next/1512475998813/manifest.js

url:/_next/1512475998813/commons.js

url:/_next/1512475998813/main.js

url:/static/nprogress.css

url:/_next/1512475998813/page/index.js

url:/_next/1512475998813/page/_error.js

url:/_next/1512475998813/manifest.js

url:/_next/1512475998813/commons.js

url:/_next/1512475998813/main.js

url:/

url:/

url:/admin

url:/admin hahaha

url:/ hahaha

url:/admin/about hahaha

url:/admin/about hahaha

url:/admin/about hahaha

url:/admin hahaha

url:/admin hahaha

url:/ hahaha

url:/admin hahaha

url:/_next/on-demand-entries-ping?page=/admin

url:/admin

url:/_next/webpack-hmr

url:/_next/1512479158927/page/admin.js

url:/_next/51487d7d-617b-4707-a3ab-917a5352c7be/webpack/d4058a999656ae1492a6.hot-update.json

url:/admin

url:/admin

url:/admin

url:/_next/1512480128071/page/admin.js

url:/static/nprogress.css

url:/_next/1512480128071/page/_error.js

url:/_next/1512480128071/manifest.js

url:/_next/1512480128071/commons.js

url:/_next/1512480128071/main.js

url:/_next/1512480128071/commons.js

url:/_next/webpack-hmr

url:/_next/on-demand-entries-ping?page=/admin

url:/_next/on-demand-entries-ping?page=/admin

url:/_next/1512480128071/page/admin/about.js

url:/_next/on-demand-entries-ping?page=/admin

url:/_next/webpack-hmr

url:/_next/1512480128071/page/admin/users.js

url:/_next/1512480128071/page/admin/orders.js

url:/_next/b138c28e-b345-42b7-8ca6-c4c68a6a1c3b/webpack/1d220fb2898e08cc404a.hot-update.json

url:/_next/on-demand-entries-ping?page=/admin

url:/_next/b138c28e-b345-42b7-8ca6-c4c68a6a1c3b/webpack/1d26dd0a465a6f457b02.hot-update.json

url:/admin/about

url:/_next/1512480242948/page/admin/about.js

url:/_next/1512480242948/page/_error.js

url:/_next/1512480242948/manifest.js

url:/static/nprogress.css

url:/_next/1512480242948/commons.js

url:/_next/1512480242948/main.js

url:/_next/1512480242948/commons.js

url:/_next/webpack-hmr

url:/_next/1512480242948/page/admin/users.js

url:/_next/on-demand-entries-ping?page=/admin/users

url:/_next/1512480242948/page/admin/orders.js

url:/_next/on-demand-entries-ping?page=/admin/orders

url:/_next/on-demand-entries-ping?page=/admin/about

url:/_next/on-demand-entries-ping?page=/admin/users

url:/_next/on-demand-entries-ping?page=/admin/orders

url:/_next/1512480242948/page/admin.js

url:/_next/on-demand-entries-ping?page=/admin

url:/_next/on-demand-entries-ping?page=/admin

url:/

url:/_next/on-demand-entries-ping?page=/admin

url:/_next/b138c28e-b345-42b7-8ca6-c4c68a6a1c3b/webpack/1d0e7399e4a6518dbf76.hot-update.json

url:/_next/b138c28e-b345-42b7-8ca6-c4c68a6a1c3b/webpack/4.1d0e7399e4a6518dbf76.hot-update.js

url:/_next/b138c28e-b345-42b7-8ca6-c4c68a6a1c3b/webpack/5.1d0e7399e4a6518dbf76.hot-update.js

url:/_next/b138c28e-b345-42b7-8ca6-c4c68a6a1c3b/webpack/6.1d0e7399e4a6518dbf76.hot-update.js

url:/_next/b138c28e-b345-42b7-8ca6-c4c68a6a1c3b/webpack/7.1d0e7399e4a6518dbf76.hot-update.js

url:/_next/1512480260913/page/index.js

url:/_next/1512480260913/page/_error.js

url:/_next/1512480260913/manifest.js

url:/_next/1512480260913/commons.js

url:/_next/1512480260913/main.js

url:/static/nprogress.css

url:/_next/1512480260913/commons.js

url:/_next/webpack-hmr

url:/_next/1512480260913/page/admin.js

url:/_next/on-demand-entries-ping?page=/admin

url:/_next/on-demand-entries-ping?page=/

url:/_next/1512480260913/page/admin.js.js

url:/_next/on-demand-entries-ping?page=/

url:/_next/on-demand-entries-ping?page=/

url:/_next/on-demand-entries-ping?page=/

url:/_next/on-demand-entries-ping?page=/

url:/_next/on-demand-entries-ping?page=/admin

url:/_next/on-demand-entries-ping?page=/admin

url:/_next/1512480260913/page/admin/about.js

url:/_next/on-demand-entries-ping?page=/admin/about

url:/_next/on-demand-entries-ping?page=/admin/about

url:/_next/1512480260913/page/admin/orders.js

url:/_next/on-demand-entries-ping?page=/admin/about

url:/_next/b138c28e-b345-42b7-8ca6-c4c68a6a1c3b/webpack/1ffd3bdc8ae05210cfce.hot-update.json

url:/_next/b138c28e-b345-42b7-8ca6-c4c68a6a1c3b/webpack/63a3c5300d09e3508bf1.hot-update.json

url:/_next/on-demand-entries-ping?page=/admin/orders

url:/_next/on-demand-entries-ping?page=/admin/orders

url:/_next/on-demand-entries-ping?page=/admin/orders

url:/_next/on-demand-entries-ping?page=/admin/orders

url:/_next/on-demand-entries-ping?page=/admin/orders

url:/_next/on-demand-entries-ping?page=/admin/orders

url:/_next/on-demand-entries-ping?page=/admin/orders

url:/_next/on-demand-entries-ping?page=/admin/orders

url:/_next/on-demand-entries-ping?page=/admin/about

url:/_next/b138c28e-b345-42b7-8ca6-c4c68a6a1c3b/webpack/c02f5943aa7f4264db53.hot-update.json

url:/_next/b138c28e-b345-42b7-8ca6-c4c68a6a1c3b/webpack/5.c02f5943aa7f4264db53.hot-update.js

url:/_next/b138c28e-b345-42b7-8ca6-c4c68a6a1c3b/webpack/7.c02f5943aa7f4264db53.hot-update.js

url:/_next/1512480260913/page/admin/users.js

url:/_next/on-demand-entries-ping?page=/admin/about

url:/_next/b138c28e-b345-42b7-8ca6-c4c68a6a1c3b/webpack/ed8d6fa3e48f2bb5440c.hot-update.json

url:/_next/on-demand-entries-ping?page=/admin/users

url:/_next/on-demand-entries-ping?page=/admin/orders

url:/_next/on-demand-entries-ping?page=/admin/users

url:/_next/on-demand-entries-ping?page=/admin/about

url:/_next/on-demand-entries-ping?page=/admin/about

url:/_next/on-demand-entries-ping?page=/admin/users

url:/_next/on-demand-entries-ping?page=/admin/orders

url:/_next/on-demand-entries-ping?page=/admin/users

url:/_next/on-demand-entries-ping?page=/admin/about

url:/_next/on-demand-entries-ping?page=/admin/users

url:/_next/on-demand-entries-ping?page=/admin/orders

url:/_next/on-demand-entries-ping?page=/admin/users

url:/_next/on-demand-entries-ping?page=/admin/about

url:/_next/on-demand-entries-ping?page=/admin/about

url:/_next/on-demand-entries-ping?page=/admin/about

url:/_next/on-demand-entries-ping?page=/admin/about

url:/_next/on-demand-entries-ping?page=/admin/about

url:/_next/on-demand-entries-ping?page=/admin/about

url:/_next/on-demand-entries-ping?page=/admin/about

url:/_next/b138c28e-b345-42b7-8ca6-c4c68a6a1c3b/webpack/15b09c9870aad31b1493.hot-update.json

url:/_next/on-demand-entries-ping?page=/admin/about

