url:/admin

url:/_next/webpack-hmr

url:/_next/1512728529866/page/admin.js

url:/_next/4e23aa9b-844c-47b4-a2e6-3a33b9a9146c/webpack/b816b1dd481f4ebdc1db.hot-update.json

url:/_next/1512728615715/page/admin.js

url:/_next/1512728615715/page/_error.js

url:/_next/1512728615715/manifest.js

url:/static/nprogress.css

url:/_next/1512728615715/commons.js

url:/admin

url:/_next/1512728615715/main.js

url:/_next/1512728615808/page/admin.js

url:/_next/1512728615808/page/_error.js

url:/_next/1512728615808/manifest.js

url:/static/nprogress.css

url:/_next/1512728615808/commons.js

url:/_next/1512728615808/main.js

url:/_next/1512728615715/commons.js

url:/_next/1512728615808/commons.js

url:/_next/webpack-hmr

url:/_next/webpack-hmr

url:/_next/1512728615808/page/admin.js

url:/_next/1512728615715/page/admin.js

url:/_next/27e90955-b9c6-4b9b-876c-5cc84ff6fa8c/webpack/6c420fabd36c6b22bc3f.hot-update.json

url:/_next/27e90955-b9c6-4b9b-876c-5cc84ff6fa8c/webpack/6c420fabd36c6b22bc3f.hot-update.json

url:/_next/27e90955-b9c6-4b9b-876c-5cc84ff6fa8c/webpack/f2659517f9b5e0ffde24.hot-update.json

url:/_next/27e90955-b9c6-4b9b-876c-5cc84ff6fa8c/webpack/f2659517f9b5e0ffde24.hot-update.json

url:/_next/on-demand-entries-ping?page=/admin

url:/_next/on-demand-entries-ping?page=/admin

url:/_next/on-demand-entries-ping?page=/admin

url:/_next/on-demand-entries-ping?page=/admin

url:/_next/on-demand-entries-ping?page=/admin

url:/admin

url:/_next/webpack-hmr

url:/_next/webpack-hmr

url:/_next/27e90955-b9c6-4b9b-876c-5cc84ff6fa8c/webpack/d69e5ab93bd7f7d31b0b.hot-update.json

url:/admin

url:/admin

url:/_next/27e90955-b9c6-4b9b-876c-5cc84ff6fa8c/webpack/d69e5ab93bd7f7d31b0b.hot-update.json

url:/admin

url:/admin

url:/_next/1512728675996/page/admin.js

url:/_next/1512728675996/page/_error.js

url:/_next/1512728675996/main.js

url:/_next/1512728675996/manifest.js

url:/_next/1512728675996/commons.js

url:/static/nprogress.css

url:/_next/1512728676018/page/admin.js

url:/_next/1512728676018/page/_error.js

url:/static/nprogress.css

url:/_next/1512728676018/manifest.js

url:/_next/1512728676018/commons.js

url:/_next/1512728676018/main.js

url:/_next/1512728675996/commons.js

url:/_next/1512728676018/commons.js

url:/_next/webpack-hmr

url:/_next/webpack-hmr

url:/_next/on-demand-entries-ping?page=/admin

url:/admin/lll

url:/_next/1512728683119/page/admin/lll.js

url:/_next/1512728683119/page/_error.js

url:/_next/1512728683119/manifest.js

url:/_next/1512728683119/commons.js

url:/_next/1512728683119/main.js

url:/_next/webpack-hmr

url:/_next/on-demand-entries-ping?page=/admin/lll

url:/admin/lll

url:/_next/on-demand-entries-ping?page=/admin/lll

url:/admin/lll

url:/_next/4015da89-b035-4d91-996b-89025e46c43a/webpack/c6fc0086de3018003e1d.hot-update.json

url:/_next/4015da89-b035-4d91-996b-89025e46c43a/webpack/c6fc0086de3018003e1d.hot-update.json

url:/_next/4015da89-b035-4d91-996b-89025e46c43a/webpack/4.c6fc0086de3018003e1d.hot-update.js

url:/_next/4015da89-b035-4d91-996b-89025e46c43a/webpack/075d8140cf5eaf2096e7.hot-update.json

url:/_next/4015da89-b035-4d91-996b-89025e46c43a/webpack/075d8140cf5eaf2096e7.hot-update.json

url:/_next/4015da89-b035-4d91-996b-89025e46c43a/webpack/4.075d8140cf5eaf2096e7.hot-update.js

url:/static/nprogress.css

url:/admin

url:/_next/1512729069650/page/admin.js

url:/_next/1512729069650/page/_error.js

url:/_next/1512729069650/manifest.js

url:/_next/1512729069650/commons.js

url:/_next/1512729069650/main.js

url:/_next/webpack-hmr

