2017-12-05 16:07:27.704 nodejs.ErrorException: Error: error
    at Object.<anonymous> (d:\project\react\next-admin-demo\server\server.js:35:14)
    at Module._compile (module.js:641:30)
    at Object.Module._extensions..js (module.js:652:10)
    at Module.load (module.js:560:32)
    at tryModuleLoad (module.js:503:12)
    at Function.Module._load (module.js:495:3)
    at Function.Module.runMain (module.js:682:10)
    at startup (bootstrap_node.js:191:16)
    at bootstrap_node.js:613:3
pid: 18940
Host: Zhai-PC
URL: 
Data: ''
2017-12-05 16:07:27.704

2017-12-05 16:13:01.997 nodejs.ErrorException: Error: error
    at Object.<anonymous> (d:\project\react\next-admin-demo\server\server.js:35:14)
    at Module._compile (module.js:641:30)
    at Object.Module._extensions..js (module.js:652:10)
    at Module.load (module.js:560:32)
    at tryModuleLoad (module.js:503:12)
    at Function.Module._load (module.js:495:3)
    at Function.Module.runMain (module.js:682:10)
    at startup (bootstrap_node.js:191:16)
    at bootstrap_node.js:613:3
pid: 19024
Host: Zhai-PC
URL: 
Data: ''
2017-12-05 16:13:01.997

2017-12-05 16:16:10.770 nodejs.ErrorException: Error: error
    at Object.<anonymous> (d:\project\react\next-admin-demo\server\server.js:35:14)
    at Module._compile (module.js:641:30)
    at Object.Module._extensions..js (module.js:652:10)
    at Module.load (module.js:560:32)
    at tryModuleLoad (module.js:503:12)
    at Function.Module._load (module.js:495:3)
    at Function.Module.runMain (module.js:682:10)
    at startup (bootstrap_node.js:191:16)
    at bootstrap_node.js:613:3
pid: 18600
Host: Zhai-PC
URL: 
Data: ''
2017-12-05 16:16:10.770

2017-12-05 16:35:22.461 nodejs.ErrorException: Error: error
    at Object.<anonymous> (d:\project\react\next-admin-demo\server\server.js:35:14)
    at Module._compile (module.js:641:30)
    at Object.Module._extensions..js (module.js:652:10)
    at Module.load (module.js:560:32)
    at tryModuleLoad (module.js:503:12)
    at Function.Module._load (module.js:495:3)
    at Function.Module.runMain (module.js:682:10)
    at startup (bootstrap_node.js:191:16)
    at bootstrap_node.js:613:3
pid: 20500
Host: Zhai-PC
URL: 
Data: ''
2017-12-05 16:35:22.461

2017-12-05 16:37:56.919 nodejs.ErrorException: Error: error
    at Object.<anonymous> (d:\project\react\next-admin-demo\server\server.js:35:14)
    at Module._compile (module.js:641:30)
    at Object.Module._extensions..js (module.js:652:10)
    at Module.load (module.js:560:32)
    at tryModuleLoad (module.js:503:12)
    at Function.Module._load (module.js:495:3)
    at Function.Module.runMain (module.js:682:10)
    at startup (bootstrap_node.js:191:16)
    at bootstrap_node.js:613:3
pid: 19484
Host: Zhai-PC
URL: 
Data: ''
2017-12-05 16:37:56.919

2017-12-05 16:39:14.954 nodejs.ErrorException: Error: error
    at Object.<anonymous> (d:\project\react\next-admin-demo\server\server.js:35:14)
    at Module._compile (module.js:641:30)
    at Object.Module._extensions..js (module.js:652:10)
    at Module.load (module.js:560:32)
    at tryModuleLoad (module.js:503:12)
    at Function.Module._load (module.js:495:3)
    at Function.Module.runMain (module.js:682:10)
    at startup (bootstrap_node.js:191:16)
    at bootstrap_node.js:613:3
pid: 21088
Host: Zhai-PC
URL: 
Data: ''
2017-12-05 16:39:14.954

2017-12-05 19:02:05.668 nodejs.ErrorException: Error: error
    at Object.<anonymous> (D:\project\react\next-admin-demo\server\server.js:35:14)
    at Module._compile (module.js:641:30)
    at Object.Module._extensions..js (module.js:652:10)
    at Module.load (module.js:560:32)
    at tryModuleLoad (module.js:503:12)
    at Function.Module._load (module.js:495:3)
    at Function.Module.runMain (module.js:682:10)
    at startup (bootstrap_node.js:191:16)
    at bootstrap_node.js:613:3
pid: 21256
Host: Zhai-PC
URL: 
Data: ''
2017-12-05 19:02:05.668

2017-12-05 19:04:37.632 nodejs.ErrorException: Error: error
    at Object.<anonymous> (D:\project\react\next-admin-demo\server\server.js:35:14)
    at Module._compile (module.js:641:30)
    at Object.Module._extensions..js (module.js:652:10)
    at Module.load (module.js:560:32)
    at tryModuleLoad (module.js:503:12)
    at Function.Module._load (module.js:495:3)
    at Function.Module.runMain (module.js:682:10)
    at startup (bootstrap_node.js:191:16)
    at bootstrap_node.js:613:3
pid: 9720
Host: Zhai-PC
URL: 
Data: ''
2017-12-05 19:04:37.632

2017-12-05 19:07:07.646 nodejs.ErrorException: Error: error
    at Object.<anonymous> (D:\project\react\next-admin-demo\server\server.js:35:14)
    at Module._compile (module.js:641:30)
    at Object.Module._extensions..js (module.js:652:10)
    at Module.load (module.js:560:32)
    at tryModuleLoad (module.js:503:12)
    at Function.Module._load (module.js:495:3)
    at Function.Module.runMain (module.js:682:10)
    at startup (bootstrap_node.js:191:16)
    at bootstrap_node.js:613:3
pid: 20908
Host: Zhai-PC
URL: 
Data: ''
2017-12-05 19:07:07.646

2017-12-05 19:18:04.541 nodejs.ErrorException: Error: error
    at Object.<anonymous> (D:\project\react\next-admin-demo\server\server.js:35:14)
    at Module._compile (module.js:641:30)
    at Object.Module._extensions..js (module.js:652:10)
    at Module.load (module.js:560:32)
    at tryModuleLoad (module.js:503:12)
    at Function.Module._load (module.js:495:3)
    at Function.Module.runMain (module.js:682:10)
    at startup (bootstrap_node.js:191:16)
    at bootstrap_node.js:613:3
pid: 7416
Host: Zhai-PC
URL: 
Data: ''
2017-12-05 19:18:04.541

2017-12-05 19:18:19.379 nodejs.ErrorException: Error: error
    at Object.<anonymous> (D:\project\react\next-admin-demo\server\server.js:35:14)
    at Module._compile (module.js:641:30)
    at Object.Module._extensions..js (module.js:652:10)
    at Module.load (module.js:560:32)
    at tryModuleLoad (module.js:503:12)
    at Function.Module._load (module.js:495:3)
    at Function.Module.runMain (module.js:682:10)
    at startup (bootstrap_node.js:191:16)
    at bootstrap_node.js:613:3
pid: 18760
Host: Zhai-PC
URL: 
Data: ''
2017-12-05 19:18:19.379

2017-12-05 19:19:40.400 nodejs.ErrorException: Error: error
    at Object.<anonymous> (D:\project\react\next-admin-demo\server\server.js:35:14)
    at Module._compile (module.js:641:30)
    at Object.Module._extensions..js (module.js:652:10)
    at Module.load (module.js:560:32)
    at tryModuleLoad (module.js:503:12)
    at Function.Module._load (module.js:495:3)
    at Function.Module.runMain (module.js:682:10)
    at startup (bootstrap_node.js:191:16)
    at bootstrap_node.js:613:3
pid: 10832
Host: Zhai-PC
URL: 
Data: ''
2017-12-05 19:19:40.400

2017-12-05 19:19:52.963 nodejs.ErrorException: Error: error
    at Object.<anonymous> (D:\project\react\next-admin-demo\server\server.js:35:14)
    at Module._compile (module.js:641:30)
    at Object.Module._extensions..js (module.js:652:10)
    at Module.load (module.js:560:32)
    at tryModuleLoad (module.js:503:12)
    at Function.Module._load (module.js:495:3)
    at Function.Module.runMain (module.js:682:10)
    at startup (bootstrap_node.js:191:16)
    at bootstrap_node.js:613:3
pid: 20092
Host: Zhai-PC
URL: 
Data: ''
2017-12-05 19:19:52.963

2017-12-05 19:21:59.340 nodejs.ErrorException: Error: error
    at Object.<anonymous> (D:\project\react\next-admin-demo\server\server.js:35:14)
    at Module._compile (module.js:641:30)
    at Object.Module._extensions..js (module.js:652:10)
    at Module.load (module.js:560:32)
    at tryModuleLoad (module.js:503:12)
    at Function.Module._load (module.js:495:3)
    at Function.Module.runMain (module.js:682:10)
    at startup (bootstrap_node.js:191:16)
    at bootstrap_node.js:613:3
pid: 20672
Host: Zhai-PC
URL: 
Data: ''
2017-12-05 19:21:59.340

2017-12-05 19:22:38.757 nodejs.ErrorException: Error: error
    at Object.<anonymous> (D:\project\react\next-admin-demo\server\server.js:35:14)
    at Module._compile (module.js:641:30)
    at Object.Module._extensions..js (module.js:652:10)
    at Module.load (module.js:560:32)
    at tryModuleLoad (module.js:503:12)
    at Function.Module._load (module.js:495:3)
    at Function.Module.runMain (module.js:682:10)
    at startup (bootstrap_node.js:191:16)
    at bootstrap_node.js:613:3
pid: 4496
Host: Zhai-PC
URL: 
Data: ''
2017-12-05 19:22:38.757

2017-12-05 19:23:30.642 nodejs.ErrorException: Error: error
    at Object.<anonymous> (D:\project\react\next-admin-demo\server\server.js:35:14)
    at Module._compile (module.js:641:30)
    at Object.Module._extensions..js (module.js:652:10)
    at Module.load (module.js:560:32)
    at tryModuleLoad (module.js:503:12)
    at Function.Module._load (module.js:495:3)
    at Function.Module.runMain (module.js:682:10)
    at startup (bootstrap_node.js:191:16)
    at bootstrap_node.js:613:3
pid: 7940
Host: Zhai-PC
URL: 
Data: ''
2017-12-05 19:23:30.642

2017-12-05 19:24:06.916 nodejs.ErrorException: Error: error
    at Object.<anonymous> (D:\project\react\next-admin-demo\server\server.js:35:14)
    at Module._compile (module.js:641:30)
    at Object.Module._extensions..js (module.js:652:10)
    at Module.load (module.js:560:32)
    at tryModuleLoad (module.js:503:12)
    at Function.Module._load (module.js:495:3)
    at Function.Module.runMain (module.js:682:10)
    at startup (bootstrap_node.js:191:16)
    at bootstrap_node.js:613:3
pid: 1716
Host: Zhai-PC
URL: 
Data: ''
2017-12-05 19:24:06.916

2017-12-05 19:26:02.035 nodejs.ErrorException: Error: error
    at Object.<anonymous> (D:\project\react\next-admin-demo\server\server.js:35:14)
    at Module._compile (module.js:641:30)
    at Object.Module._extensions..js (module.js:652:10)
    at Module.load (module.js:560:32)
    at tryModuleLoad (module.js:503:12)
    at Function.Module._load (module.js:495:3)
    at Function.Module.runMain (module.js:682:10)
    at startup (bootstrap_node.js:191:16)
    at bootstrap_node.js:613:3
pid: 20888
Host: Zhai-PC
URL: 
Data: ''
2017-12-05 19:26:02.035

2017-12-05 19:29:37.494 nodejs.ErrorException: Error: error
    at Object.<anonymous> (D:\project\react\next-admin-demo\server\server.js:35:14)
    at Module._compile (module.js:641:30)
    at Object.Module._extensions..js (module.js:652:10)
    at Module.load (module.js:560:32)
    at tryModuleLoad (module.js:503:12)
    at Function.Module._load (module.js:495:3)
    at Function.Module.runMain (module.js:682:10)
    at startup (bootstrap_node.js:191:16)
    at bootstrap_node.js:613:3
pid: 7700
Host: Zhai-PC
URL: 
Data: ''
2017-12-05 19:29:37.494

2017-12-05 19:36:38.307 nodejs.ErrorException: Error: error
    at Object.<anonymous> (D:\project\react\next-admin-demo\server\server.js:35:14)
    at Module._compile (module.js:641:30)
    at Object.Module._extensions..js (module.js:652:10)
    at Module.load (module.js:560:32)
    at tryModuleLoad (module.js:503:12)
    at Function.Module._load (module.js:495:3)
    at Function.Module.runMain (module.js:682:10)
    at startup (bootstrap_node.js:191:16)
    at bootstrap_node.js:613:3
pid: 17564
Host: Zhai-PC
URL: 
Data: ''
2017-12-05 19:36:38.307

2017-12-05 19:40:14.509 nodejs.ErrorException: Error: error
    at Object.<anonymous> (D:\project\react\next-admin-demo\server\server.js:35:14)
    at Module._compile (module.js:641:30)
    at Object.Module._extensions..js (module.js:652:10)
    at Module.load (module.js:560:32)
    at tryModuleLoad (module.js:503:12)
    at Function.Module._load (module.js:495:3)
    at Function.Module.runMain (module.js:682:10)
    at startup (bootstrap_node.js:191:16)
    at bootstrap_node.js:613:3
pid: 6412
Host: Zhai-PC
URL: 
Data: ''
2017-12-05 19:40:14.509

2017-12-05 19:45:40.925 nodejs.ErrorException: Error: error
    at Object.<anonymous> (D:\project\react\next-admin-demo\server\server.js:35:14)
    at Module._compile (module.js:641:30)
    at Object.Module._extensions..js (module.js:652:10)
    at Module.load (module.js:560:32)
    at tryModuleLoad (module.js:503:12)
    at Function.Module._load (module.js:495:3)
    at Function.Module.runMain (module.js:682:10)
    at startup (bootstrap_node.js:191:16)
    at bootstrap_node.js:613:3
pid: 13492
Host: Zhai-PC
URL: 
Data: ''
2017-12-05 19:45:40.925

2017-12-05 19:46:49.046 nodejs.ErrorException: Error: error
    at Object.<anonymous> (D:\project\react\next-admin-demo\server\server.js:35:14)
    at Module._compile (module.js:641:30)
    at Object.Module._extensions..js (module.js:652:10)
    at Module.load (module.js:560:32)
    at tryModuleLoad (module.js:503:12)
    at Function.Module._load (module.js:495:3)
    at Function.Module.runMain (module.js:682:10)
    at startup (bootstrap_node.js:191:16)
    at bootstrap_node.js:613:3
pid: 18620
Host: Zhai-PC
URL: 
Data: ''
2017-12-05 19:46:49.046

2017-12-05 19:51:42.407 nodejs.ErrorException: Error: error
    at Object.<anonymous> (D:\project\react\next-admin-demo\server\server.js:35:14)
    at Module._compile (module.js:641:30)
    at Object.Module._extensions..js (module.js:652:10)
    at Module.load (module.js:560:32)
    at tryModuleLoad (module.js:503:12)
    at Function.Module._load (module.js:495:3)
    at Function.Module.runMain (module.js:682:10)
    at startup (bootstrap_node.js:191:16)
    at bootstrap_node.js:613:3
pid: 9256
Host: Zhai-PC
URL: 
Data: ''
2017-12-05 19:51:42.407

2017-12-05 19:53:21.864 nodejs.ErrorException: Error: error
    at Object.<anonymous> (D:\project\react\next-admin-demo\server\server.js:35:14)
    at Module._compile (module.js:641:30)
    at Object.Module._extensions..js (module.js:652:10)
    at Module.load (module.js:560:32)
    at tryModuleLoad (module.js:503:12)
    at Function.Module._load (module.js:495:3)
    at Function.Module.runMain (module.js:682:10)
    at startup (bootstrap_node.js:191:16)
    at bootstrap_node.js:613:3
pid: 20216
Host: Zhai-PC
URL: 
Data: ''
2017-12-05 19:53:21.864

2017-12-05 19:57:31.594 nodejs.ErrorException: Error: error
    at Object.<anonymous> (D:\project\react\next-admin-demo\server\server.js:35:14)
    at Module._compile (module.js:641:30)
    at Object.Module._extensions..js (module.js:652:10)
    at Module.load (module.js:560:32)
    at tryModuleLoad (module.js:503:12)
    at Function.Module._load (module.js:495:3)
    at Function.Module.runMain (module.js:682:10)
    at startup (bootstrap_node.js:191:16)
    at bootstrap_node.js:613:3
pid: 10060
Host: Zhai-PC
URL: 
Data: ''
2017-12-05 19:57:31.594

2017-12-05 20:01:52.677 nodejs.ErrorException: Error: error
    at Object.<anonymous> (D:\project\react\next-admin-demo\server\server.js:35:14)
    at Module._compile (module.js:641:30)
    at Object.Module._extensions..js (module.js:652:10)
    at Module.load (module.js:560:32)
    at tryModuleLoad (module.js:503:12)
    at Function.Module._load (module.js:495:3)
    at Function.Module.runMain (module.js:682:10)
    at startup (bootstrap_node.js:191:16)
    at bootstrap_node.js:613:3
pid: 10296
Host: Zhai-PC
URL: 
Data: ''
2017-12-05 20:01:52.677

2017-12-05 20:05:59.222 nodejs.ErrorException: Error: error
    at Object.<anonymous> (D:\project\react\next-admin-demo\server\server.js:33:14)
    at Module._compile (module.js:641:30)
    at Object.Module._extensions..js (module.js:652:10)
    at Module.load (module.js:560:32)
    at tryModuleLoad (module.js:503:12)
    at Function.Module._load (module.js:495:3)
    at Function.Module.runMain (module.js:682:10)
    at startup (bootstrap_node.js:191:16)
    at bootstrap_node.js:613:3
pid: 12936
Host: Zhai-PC
URL: 
Data: ''
2017-12-05 20:05:59.222

2017-12-05 20:09:10.565 nodejs.ErrorException: Error: error
    at Object.<anonymous> (D:\project\react\next-admin-demo\server\server.js:33:14)
    at Module._compile (module.js:641:30)
    at Object.Module._extensions..js (module.js:652:10)
    at Module.load (module.js:560:32)
    at tryModuleLoad (module.js:503:12)
    at Function.Module._load (module.js:495:3)
    at Function.Module.runMain (module.js:682:10)
    at startup (bootstrap_node.js:191:16)
    at bootstrap_node.js:613:3
pid: 6552
Host: Zhai-PC
URL: 
Data: ''
2017-12-05 20:09:10.565

2017-12-05 20:12:02.610 nodejs.ErrorException: Error: error
    at Object.<anonymous> (D:\project\react\next-admin-demo\server\server.js:33:14)
    at Module._compile (module.js:641:30)
    at Object.Module._extensions..js (module.js:652:10)
    at Module.load (module.js:560:32)
    at tryModuleLoad (module.js:503:12)
    at Function.Module._load (module.js:495:3)
    at Function.Module.runMain (module.js:682:10)
    at startup (bootstrap_node.js:191:16)
    at bootstrap_node.js:613:3
pid: 7884
Host: Zhai-PC
URL: 
Data: ''
2017-12-05 20:12:02.610

2017-12-05 20:15:55.517 nodejs.ErrorException: Error: error
    at Object.<anonymous> (D:\project\react\next-admin-demo\server\server.js:33:14)
    at Module._compile (module.js:641:30)
    at Object.Module._extensions..js (module.js:652:10)
    at Module.load (module.js:560:32)
    at tryModuleLoad (module.js:503:12)
    at Function.Module._load (module.js:495:3)
    at Function.Module.runMain (module.js:682:10)
    at startup (bootstrap_node.js:191:16)
    at bootstrap_node.js:613:3
pid: 16528
Host: Zhai-PC
URL: 
Data: ''
2017-12-05 20:15:55.517

2017-12-05 20:31:38.858 nodejs.ErrorException: Error: error
    at Object.<anonymous> (D:\project\react\next-admin-demo\server\server.js:33:14)
    at Module._compile (module.js:641:30)
    at Object.Module._extensions..js (module.js:652:10)
    at Module.load (module.js:560:32)
    at tryModuleLoad (module.js:503:12)
    at Function.Module._load (module.js:495:3)
    at Function.Module.runMain (module.js:682:10)
    at startup (bootstrap_node.js:191:16)
    at bootstrap_node.js:613:3
pid: 17092
Host: Zhai-PC
URL: 
Data: ''
2017-12-05 20:31:38.858

2017-12-05 20:32:36.399 nodejs.ErrorException: Error: error
    at Object.<anonymous> (D:\project\react\next-admin-demo\server\server.js:33:14)
    at Module._compile (module.js:641:30)
    at Object.Module._extensions..js (module.js:652:10)
    at Module.load (module.js:560:32)
    at tryModuleLoad (module.js:503:12)
    at Function.Module._load (module.js:495:3)
    at Function.Module.runMain (module.js:682:10)
    at startup (bootstrap_node.js:191:16)
    at bootstrap_node.js:613:3
pid: 11496
Host: Zhai-PC
URL: 
Data: ''
2017-12-05 20:32:36.399

2017-12-05 20:35:31.845 nodejs.ErrorException: Error: error
    at Object.<anonymous> (D:\project\react\next-admin-demo\server\server.js:33:14)
    at Module._compile (module.js:641:30)
    at Object.Module._extensions..js (module.js:652:10)
    at Module.load (module.js:560:32)
    at tryModuleLoad (module.js:503:12)
    at Function.Module._load (module.js:495:3)
    at Function.Module.runMain (module.js:682:10)
    at startup (bootstrap_node.js:191:16)
    at bootstrap_node.js:613:3
pid: 10248
Host: Zhai-PC
URL: 
Data: ''
2017-12-05 20:35:31.845

2017-12-05 20:54:51.074 nodejs.ErrorException: Error: error
    at Object.<anonymous> (D:\project\react\next-admin-demo\server\server.js:33:14)
    at Module._compile (module.js:641:30)
    at Object.Module._extensions..js (module.js:652:10)
    at Module.load (module.js:560:32)
    at tryModuleLoad (module.js:503:12)
    at Function.Module._load (module.js:495:3)
    at Function.Module.runMain (module.js:682:10)
    at startup (bootstrap_node.js:191:16)
    at bootstrap_node.js:613:3
pid: 9980
Host: Zhai-PC
URL: 
Data: ''
2017-12-05 20:54:51.074

2017-12-05 21:05:28.529 nodejs.ErrorException: Error: error
    at Object.<anonymous> (D:\project\react\next-admin-demo\server\server.js:35:14)
    at Module._compile (module.js:641:30)
    at Object.Module._extensions..js (module.js:652:10)
    at Module.load (module.js:560:32)
    at tryModuleLoad (module.js:503:12)
    at Function.Module._load (module.js:495:3)
    at Function.Module.runMain (module.js:682:10)
    at startup (bootstrap_node.js:191:16)
    at bootstrap_node.js:613:3
pid: 17640
Host: Zhai-PC
URL: 
Data: ''
2017-12-05 21:05:28.529

2017-12-05 21:06:37.232 nodejs.ErrorException: Error: error
    at Object.<anonymous> (D:\project\react\next-admin-demo\server\server.js:35:14)
    at Module._compile (module.js:641:30)
    at Object.Module._extensions..js (module.js:652:10)
    at Module.load (module.js:560:32)
    at tryModuleLoad (module.js:503:12)
    at Function.Module._load (module.js:495:3)
    at Function.Module.runMain (module.js:682:10)
    at startup (bootstrap_node.js:191:16)
    at bootstrap_node.js:613:3
pid: 10792
Host: Zhai-PC
URL: 
Data: ''
2017-12-05 21:06:37.232

2017-12-05 21:07:10.331 nodejs.ErrorException: Error: error
    at Object.<anonymous> (D:\project\react\next-admin-demo\server\server.js:35:14)
    at Module._compile (module.js:641:30)
    at Object.Module._extensions..js (module.js:652:10)
    at Module.load (module.js:560:32)
    at tryModuleLoad (module.js:503:12)
    at Function.Module._load (module.js:495:3)
    at Function.Module.runMain (module.js:682:10)
    at startup (bootstrap_node.js:191:16)
    at bootstrap_node.js:613:3
pid: 7060
Host: Zhai-PC
URL: 
Data: ''
2017-12-05 21:07:10.331

2017-12-05 21:07:45.312 nodejs.ErrorException: Error: error
    at Object.<anonymous> (D:\project\react\next-admin-demo\server\server.js:35:14)
    at Module._compile (module.js:641:30)
    at Object.Module._extensions..js (module.js:652:10)
    at Module.load (module.js:560:32)
    at tryModuleLoad (module.js:503:12)
    at Function.Module._load (module.js:495:3)
    at Function.Module.runMain (module.js:682:10)
    at startup (bootstrap_node.js:191:16)
    at bootstrap_node.js:613:3
pid: 10396
Host: Zhai-PC
URL: 
Data: ''
2017-12-05 21:07:45.312

