url:/

url:/_next/1512651197686/page/index.js

url:/_next/1512651197686/page/_error.js

url:/_next/1512651197686/manifest.js

url:/_next/1512651197686/commons.js

url:/_next/1512651197686/main.js

url:/static/nprogress.css

url:/_next/1512651197686/commons.js

url:/_next/webpack-hmr

url:/favicon.ico

url:/api/users

url:/_next/1512651205424/page/api/users.js

url:/_next/1512651205424/page/_error.js

url:/_next/1512651205424/manifest.js

url:/_next/1512651205424/commons.js

url:/_next/1512651205424/main.js

url:/_next/webpack-hmr

url:/admin

url:/_next/1512651839352/page/admin.js

url:/static/nprogress.css

url:/_next/1512651839352/page/_error.js

url:/_next/1512651839352/manifest.js

url:/_next/1512651839352/commons.js

url:/_next/1512651839352/main.js

url:/_next/1512651839352/commons.js

url:/_next/webpack-hmr

url:/_next/on-demand-entries-ping?page=/admin

url:/_next/on-demand-entries-ping?page=/admin

url:/_next/on-demand-entries-ping?page=/admin

url:/api/users

url:/api/users

url:/api/users

url:/api/users

url:/_next/on-demand-entries-ping?page=/admin

url:/admin

url:/_next/1512652211984/page/admin.js

url:/_next/1512652211984/page/_error.js

url:/_next/1512652211984/manifest.js

url:/static/nprogress.css

url:/_next/1512652211984/commons.js

url:/_next/1512652211984/main.js

url:/_next/1512652211984/commons.js

url:/_next/webpack-hmr

url:/static/favicon.ico

url:/

url:/_next/606dfc14-3ed0-4493-8e7b-4376c1ab3337/webpack/48d2062c9a0a7416c479.hot-update.json

url:/_next/606dfc14-3ed0-4493-8e7b-4376c1ab3337/webpack/4.48d2062c9a0a7416c479.hot-update.js

url:/static/nprogress.css

url:/_next/1512652224762/page/index.js

url:/_next/1512652224762/page/_error.js

url:/_next/1512652224762/manifest.js

url:/_next/1512652224762/commons.js

url:/_next/1512652224762/main.js

url:/api/users

url:/_next/1512652226006/page/api/users.js

url:/_next/1512652226006/page/_error.js

url:/_next/1512652226006/manifest.js

url:/_next/1512652226006/commons.js

url:/_next/1512652226006/main.js

url:/_next/webpack-hmr

url:/_next/on-demand-entries-ping?page=/api/users

url:/api/users

url:/_next/on-demand-entries-ping?page=/admin

url:/_next/on-demand-entries-ping?page=/admin

url:/_next/on-demand-entries-ping?page=/admin

url:/_next/on-demand-entries-ping?page=/admin

url:/_next/606dfc14-3ed0-4493-8e7b-4376c1ab3337/webpack/053fb0841a8603692150.hot-update.json

url:/_next/606dfc14-3ed0-4493-8e7b-4376c1ab3337/webpack/053fb0841a8603692150.hot-update.json

url:/_next/606dfc14-3ed0-4493-8e7b-4376c1ab3337/webpack/4.053fb0841a8603692150.hot-update.js

url:/_next/on-demand-entries-ping?page=/admin

url:/_next/on-demand-entries-ping?page=/admin

