url:/

url:/_next/1512961709982/page/index.js

url:/_next/1512961709982/page/_error.js

url:/_next/1512961709982/manifest.js

url:/_next/1512961709982/commons.js

url:/_next/1512961709982/main.js

url:/static/nprogress.css

url:/_next/1512961709982/commons.js

url:/_next/webpack-hmr

url:/favicon.ico

url:/_next/1512961709982/page/admin.js

url:/_next/on-demand-entries-ping?page=/

url:/_next/f749d0ee-89e8-45bd-9b16-d9af8f21b9ef/webpack/07a3fb11149a99eda930.hot-update.json

url:/_next/on-demand-entries-ping?page=/admin

url:/_next/on-demand-entries-ping?page=/admin

url:/_next/on-demand-entries-ping?page=/admin

url:/_next/on-demand-entries-ping?page=/admin

url:/_next/on-demand-entries-ping?page=/admin

url:/_next/on-demand-entries-ping?page=/admin

url:/_next/on-demand-entries-ping?page=/admin

url:/_next/on-demand-entries-ping?page=/admin

url:/_next/f749d0ee-89e8-45bd-9b16-d9af8f21b9ef/webpack/20463341ff32f5157923.hot-update.json

url:/_next/f749d0ee-89e8-45bd-9b16-d9af8f21b9ef/webpack/5.20463341ff32f5157923.hot-update.js

url:/_next/on-demand-entries-ping?page=/admin

url:/_next/on-demand-entries-ping?page=/admin

url:/_next/on-demand-entries-ping?page=/admin

url:/_next/on-demand-entries-ping?page=/admin

url:/_next/on-demand-entries-ping?page=/admin

url:/_next/on-demand-entries-ping?page=/admin

url:/_next/on-demand-entries-ping?page=/admin

url:/_next/on-demand-entries-ping?page=/admin

url:/_next/on-demand-entries-ping?page=/admin

url:/_next/on-demand-entries-ping?page=/admin

url:/_next/on-demand-entries-ping?page=/admin

url:/_next/on-demand-entries-ping?page=/admin

url:/_next/on-demand-entries-ping?page=/admin

url:/_next/on-demand-entries-ping?page=/admin

url:/_next/on-demand-entries-ping?page=/admin

url:/_next/on-demand-entries-ping?page=/admin

url:/_next/on-demand-entries-ping?page=/admin

url:/_next/on-demand-entries-ping?page=/admin

url:/_next/on-demand-entries-ping?page=/admin

url:/_next/on-demand-entries-ping?page=/admin

url:/_next/on-demand-entries-ping?page=/admin

url:/_next/on-demand-entries-ping?page=/admin

url:/_next/on-demand-entries-ping?page=/admin

url:/_next/on-demand-entries-ping?page=/admin

url:/_next/on-demand-entries-ping?page=/admin

url:/_next/on-demand-entries-ping?page=/admin

url:/_next/on-demand-entries-ping?page=/admin

url:/_next/on-demand-entries-ping?page=/admin

url:/_next/on-demand-entries-ping?page=/admin

url:/_next/on-demand-entries-ping?page=/admin

url:/_next/on-demand-entries-ping?page=/admin

url:/_next/on-demand-entries-ping?page=/admin

url:/_next/on-demand-entries-ping?page=/admin

url:/_next/on-demand-entries-ping?page=/admin

url:/_next/on-demand-entries-ping?page=/admin

url:/_next/on-demand-entries-ping?page=/admin

url:/_next/on-demand-entries-ping?page=/admin

url:/_next/on-demand-entries-ping?page=/admin

url:/_next/on-demand-entries-ping?page=/admin

url:/_next/on-demand-entries-ping?page=/admin

url:/_next/on-demand-entries-ping?page=/admin

url:/_next/on-demand-entries-ping?page=/admin

url:/_next/on-demand-entries-ping?page=/admin

url:/_next/on-demand-entries-ping?page=/admin

url:/_next/on-demand-entries-ping?page=/admin

url:/_next/on-demand-entries-ping?page=/admin

url:/_next/on-demand-entries-ping?page=/admin

url:/_next/on-demand-entries-ping?page=/admin

url:/_next/on-demand-entries-ping?page=/admin

url:/_next/on-demand-entries-ping?page=/admin

url:/_next/on-demand-entries-ping?page=/admin

url:/_next/on-demand-entries-ping?page=/admin

url:/_next/on-demand-entries-ping?page=/admin

url:/_next/on-demand-entries-ping?page=/admin

url:/_next/on-demand-entries-ping?page=/admin

url:/_next/on-demand-entries-ping?page=/admin

url:/_next/on-demand-entries-ping?page=/admin

url:/_next/on-demand-entries-ping?page=/admin

url:/_next/on-demand-entries-ping?page=/admin

url:/_next/on-demand-entries-ping?page=/admin

url:/_next/on-demand-entries-ping?page=/admin

url:/_next/on-demand-entries-ping?page=/admin

url:/_next/on-demand-entries-ping?page=/admin

url:/_next/on-demand-entries-ping?page=/admin

url:/_next/on-demand-entries-ping?page=/admin

url:/_next/on-demand-entries-ping?page=/admin

url:/_next/on-demand-entries-ping?page=/admin

url:/_next/on-demand-entries-ping?page=/admin

url:/_next/on-demand-entries-ping?page=/admin

url:/_next/on-demand-entries-ping?page=/admin

url:/_next/on-demand-entries-ping?page=/admin

url:/_next/on-demand-entries-ping?page=/admin

url:/_next/on-demand-entries-ping?page=/admin

url:/_next/on-demand-entries-ping?page=/admin

url:/_next/on-demand-entries-ping?page=/admin

url:/_next/on-demand-entries-ping?page=/admin

url:/_next/on-demand-entries-ping?page=/admin

url:/_next/on-demand-entries-ping?page=/admin

url:/_next/on-demand-entries-ping?page=/admin

url:/_next/on-demand-entries-ping?page=/admin

url:/_next/on-demand-entries-ping?page=/admin

url:/_next/on-demand-entries-ping?page=/admin

url:/_next/on-demand-entries-ping?page=/admin

url:/_next/on-demand-entries-ping?page=/admin

url:/_next/on-demand-entries-ping?page=/admin

url:/_next/on-demand-entries-ping?page=/admin

url:/_next/on-demand-entries-ping?page=/admin

url:/_next/on-demand-entries-ping?page=/admin

url:/_next/on-demand-entries-ping?page=/admin

url:/_next/on-demand-entries-ping?page=/admin

url:/_next/on-demand-entries-ping?page=/admin

url:/_next/on-demand-entries-ping?page=/admin

url:/_next/on-demand-entries-ping?page=/admin

url:/_next/on-demand-entries-ping?page=/admin

url:/_next/on-demand-entries-ping?page=/admin

url:/_next/on-demand-entries-ping?page=/admin

url:/_next/on-demand-entries-ping?page=/admin

url:/_next/on-demand-entries-ping?page=/admin

url:/_next/on-demand-entries-ping?page=/admin

url:/_next/on-demand-entries-ping?page=/admin

url:/_next/on-demand-entries-ping?page=/admin

url:/_next/on-demand-entries-ping?page=/admin

url:/_next/on-demand-entries-ping?page=/admin

url:/_next/on-demand-entries-ping?page=/admin

url:/_next/on-demand-entries-ping?page=/admin

url:/_next/on-demand-entries-ping?page=/admin

url:/_next/on-demand-entries-ping?page=/admin

url:/_next/on-demand-entries-ping?page=/admin

url:/_next/on-demand-entries-ping?page=/admin

url:/_next/on-demand-entries-ping?page=/admin

url:/_next/on-demand-entries-ping?page=/admin

url:/_next/on-demand-entries-ping?page=/admin

